<?xml version="1.0" encoding="utf-8"?><testsuites name="pytest tests"><testsuite name="pytest" errors="0" failures="0" skipped="0" tests="14" time="7.900" timestamp="2026-03-24T22:47:29.061727+00:00" hostname="agent-env-eab8f825-cf08-4141-b22f-3b1937552a51"><testcase classname="backend.tests.test_forgot_password.TestForgotPasswordEndpoint" name="test_forgot_password_with_existing_email" time="0.954" /><testcase classname="backend.tests.test_forgot_password.TestForgotPasswordEndpoint" name="test_forgot_password_with_nonexistent_email" time="0.449" /><testcase classname="backend.tests.test_forgot_password.TestForgotPasswordEndpoint" name="test_forgot_password_with_invalid_email_format" time="0.416" /><testcase classname="backend.tests.test_forgot_password.TestForgotPasswordEndpoint" name="test_forgot_password_without_email" time="0.398" /><testcase classname="backend.tests.test_forgot_password.TestResetPasswordEndpoint" name="test_reset_password_with_invalid_token" time="0.419" /><testcase classname="backend.tests.test_forgot_password.TestResetPasswordEndpoint" name="test_reset_password_with_short_password" time="0.531" /><testcase classname="backend.tests.test_forgot_password.TestResetPasswordEndpoint" name="test_reset_password_without_token" time="0.402" /><testcase classname="backend.tests.test_forgot_password.TestResetPasswordEndpoint" name="test_reset_password_without_password" time="0.415" /><testcase classname="backend.tests.test_forgot_password.TestExistingAuthRegression" name="test_login_with_valid_credentials" time="0.655" /><testcase classname="backend.tests.test_forgot_password.TestExistingAuthRegression" name="test_login_with_invalid_credentials" time="0.643" /><testcase classname="backend.tests.test_forgot_password.TestExistingAuthRegression" name="test_register_new_user" time="0.679" /><testcase classname="backend.tests.test_forgot_password.TestExistingAuthRegression" name="test_register_duplicate_email" time="1.048" /><testcase classname="backend.tests.test_forgot_password.TestAPIHealth" name="test_api_root" time="0.425" /><testcase classname="backend.tests.test_forgot_password.TestAPIHealth" name="test_settings_endpoint" time="0.411" /></testsuite></testsuites>